Determining if the pthread_create exist failed with the following output:
Change Dir: /home/ubuntu/Git/MAP2018/ROS/WS_Nav_Base_Local/build/CMakeFiles/CMakeTmp

Run Build Command:/usr/bin/make "cmTryCompileExec1617816450/fast"
/usr/bin/make -f CMakeFiles/cmTryCompileExec1617816450.dir/build.make CMakeFiles/cmTryCompileExec1617816450.dir/build
make[1]: Entering directory `/home/ubuntu/Git/MAP2018/ROS/WS_Nav_Base_Local/build/CMakeFiles/CMakeTmp'
/usr/bin/cmake -E cmake_progress_report /home/ubuntu/Git/MAP2018/ROS/WS_Nav_Base_Local/build/CMakeFiles/CMakeTmp/CMakeFiles 1
Building C object CMakeFiles/cmTryCompileExec1617816450.dir/CheckSymbolExists.c.o
/usr/bin/cc    -o CMakeFiles/cmTryCompileExec1617816450.dir/CheckSymbolExists.c.o   -c /home/ubuntu/Git/MAP2018/ROS/WS_Nav_Base_Local/build/CMakeFiles/CMakeTmp/CheckSymbolExists.c
Linking C executable cmTryCompileExec1617816450
/usr/bin/cmake -E cmake_link_script CMakeFiles/cmTryCompileExec1617816450.dir/link.txt --verbose=1
/usr/bin/cc       CMakeFiles/cmTryCompileExec1617816450.dir/CheckSymbolExists.c.o  -o cmTryCompileExec1617816450 -rdynamic 
CMakeFiles/cmTryCompileExec1617816450.dir/CheckSymbolExists.c.o: In function `main':
CheckSymbolExists.c:(.text+0xe): undefined reference to `pthread_create'
CheckSymbolExists.c:(.text+0x12): undefined reference to `pthread_create'
collect2: error: ld returned 1 exit status
make[1]: Leaving directory `/home/ubuntu/Git/MAP2018/ROS/WS_Nav_Base_Local/build/CMakeFiles/CMakeTmp'
make[1]: *** [cmTryCompileExec1617816450] Error 1
make: *** [cmTryCompileExec1617816450/fast] Error 2

File /home/ubuntu/Git/MAP2018/ROS/WS_Nav_Base_Local/build/CMakeFiles/CMakeTmp/CheckSymbolExists.c:
/* */
#include <pthread.h>

int main(int argc, char** argv)
{
  (void)argv;
#ifndef pthread_create
  return ((int*)(&pthread_create))[argc];
#else
  (void)argc;
  return 0;
#endif
}

Determining if the function pthread_create exists in the pthreads failed with the following output:
Change Dir: /home/ubuntu/Git/MAP2018/ROS/WS_Nav_Base_Local/build/CMakeFiles/CMakeTmp

Run Build Command:/usr/bin/make "cmTryCompileExec4193154049/fast"
/usr/bin/make -f CMakeFiles/cmTryCompileExec4193154049.dir/build.make CMakeFiles/cmTryCompileExec4193154049.dir/build
make[1]: Entering directory `/home/ubuntu/Git/MAP2018/ROS/WS_Nav_Base_Local/build/CMakeFiles/CMakeTmp'
/usr/bin/cmake -E cmake_progress_report /home/ubuntu/Git/MAP2018/ROS/WS_Nav_Base_Local/build/CMakeFiles/CMakeTmp/CMakeFiles 1
Building C object CMakeFiles/cmTryCompileExec4193154049.dir/CheckFunctionExists.c.o
/usr/bin/cc   -DCHECK_FUNCTION_EXISTS=pthread_create   -o CMakeFiles/cmTryCompileExec4193154049.dir/CheckFunctionExists.c.o   -c /usr/share/cmake-2.8/Modules/CheckFunctionExists.c
Linking C executable cmTryCompileExec4193154049
/usr/bin/cmake -E cmake_link_script CMakeFiles/cmTryCompileExec4193154049.dir/link.txt --verbose=1
/usr/bin/cc   -DCHECK_FUNCTION_EXISTS=pthread_create    CMakeFiles/cmTryCompileExec4193154049.dir/CheckFunctionExists.c.o  -o cmTryCompileExec4193154049 -rdynamic -lpthreads 
/usr/bin/ld: cannot find -lpthreads
collect2: error: ld returned 1 exit status
make[1]: Leaving directory `/home/ubuntu/Git/MAP2018/ROS/WS_Nav_Base_Local/build/CMakeFiles/CMakeTmp'
make[1]: *** [cmTryCompileExec4193154049] Error 1
make: *** [cmTryCompileExec4193154049/fast] Error 2


